<?xml version="1.0" encoding="UTF-8"?>
<!-- Generated by org.testng.reporters.JUnitReportReporter -->
<testsuite skipped="0" hostname="DESKTOP-JQ0LRFT" name="cucumberTestRun.CucumberTestRun" tests="2" failures="0" timestamp="2019-12-07T14:03:59 EST" time="27.828" errors="0">
  <testcase name="runScenario" time="15.412" classname="cucumberTestRun.CucumberTestRun"/>
  <testcase name="runScenario" time="12.416" classname="cucumberTestRun.CucumberTestRun"/>
</testsuite> <!-- cucumberTestRun.CucumberTestRun -->
